SonarQube plugins:
  - Python Code Quality and Security 3.12.0.9583 (python)
  - Go Code Quality and Security 1.9.0.3429 (go)
  - JaCoCo 1.1.1.1157 (jacoco)
  - Kotlin Code Quality and Security 2.9.0.1147 (kotlin)
  - IaC Code Quality and Security 1.7.0.2012 (iac)
  - 3D Code Metrics 3.7 (citymodel)
  - JavaScript/TypeScript/CSS Code Quality and Security 9.1.0.17747 (javascript)
  - Ruby Code Quality and Security 1.9.0.3429 (ruby)
  - Scala Code Quality and Security 1.9.0.3429 (sonarscala)
  - C# Code Quality and Security 8.36.1.44192 (csharp)
  - Java Code Quality and Security 7.11.0.29148 (java)
  - HTML Code Quality and Security 3.6.0.3106 (web)
  - Flex Code Quality and Security 2.7.0.2865 (flex)
  - XML Code Quality and Security 2.5.0.3376 (xml)
  - PHP Code Quality and Security 3.23.1.8766 (php)
  - Text file Code Quality and Security 1.0.0.120 (text)
  - VB.NET Code Quality and Security 8.36.1.44192 (vbnet)
  - Configuration detection fot Code Quality and Security 1.2.0.267 (config)
Global server settings:
  - sonar.core.id=FAF74E85-AXp5LQcCWGziJufj2E-N
  - sonar.core.startTime=2022-05-06T12:53:34+0000
  - sonar.forceAuthentication=true
  - sonar.plugins.risk.consent=ACCEPTED
Project server settings:
Project scanner properties:
  - sonar.exclusions=**/tests/**, data/**, sabido/**, **/static/**, **/templates/**, **/migrations/**, **/__pycache__/**, **/admin.py, **/__init__.*, manage.py
  - sonar.host.url=http://labens.dct.ufrn.br/sonarqube
  - sonar.language=py
  - sonar.login=******
  - sonar.projectBaseDir=/usr/src
  - sonar.projectKey=sabido
  - sonar.projectName=Sabido
  - sonar.projectVersion=0.1.0
  - sonar.python.coverage.reportPaths=coverage.xml
  - sonar.python.coveragePlugin=cobertura
  - sonar.scanner.app=ScannerCLI
  - sonar.scanner.appVersion=4.7.0.2747
  - sonar.sourceEncoding=UTF-8
  - sonar.sources=.
  - sonar.sources.inclusions=**/**.py
  - sonar.test.inclusions=**/test_**.py, **/tests_**.py, **/tests.py
  - sonar.tests=.
  - sonar.working.directory=/usr/src/.scannerwork
